6015154455352331413433253402442140430044005500000
1142155455000050000000000002052030000000000000000
6013154435354331410401010040032233430000000500000
1151153251223341312551214424342342355231453500000
1071154455333431353431243325224431433331333500000
1143154425355231342442111414111414352112434500000
1141154435223432143441243443422331432125324400000
1144150400050000000400000032015003440000000000000
1076151253342341423423241323132122443142242300000
6028154432354131415431313441132434342541431400000
1146153435151341412441355043135423432132245400000
1084154435050332013440203442434031030230000500000
1131155435354334411441210242144303440050004500000
1086155031050304400401050040004033000000003100000
1128154405354331413444243124122311430315032500000
1018154431254331433454233232134453332241232500000
1017154455254334413444113544144434450000002400000
1124154035004031413441010222032324430100004400000
1132154435354333433431214443132514352133334500000
6022154435354331413441233244434233432031035500000
