4073150435354331413441253222434233432131235500000
4014154435354331413441253244034423432130005500000
3025154055354331413401050040013203030000005500000
3028154030004001000000000000000034430031335500000
4061154430354331413421053244332433432131230500000
4121154035350301410433050243114004530000000500000
4092154435354331413444151443434233234231000000000
4105154435354031433501030242332003000030001500000
4086151435354331413444253244134223432131235500000
9048154430350101023441000042332034430000003500000
4067100000000000003400000000002004400000000000000
4017154435354331413444053252034233452101230500000
4025154433351232551421152454233214243211432500000
4072152435354331413414053244034233452031035500000
0085154435354331413441213244134233432522225500000
3023150030350003400400000400042030400000000500000
4012154435354331413431253144434233432531530500000
4015154435354331413424053304333213432101035500000
4076154435354331413441253245434233432031234500000
3021154435354331413421103102032230330000000500000
