7043155435300031003404000240032234030030000500000
7014154435354331413444203244434233432131035500000
2035150445000233003431203402312033430000000000000
7013154435350331413441253144414233032030005500000
7022154435354331413441253244434233432131535500000
2043150410304003450000001402132030050000030300000
7044154055250331203403000205002224032001030500000
2041154000354032453400001142004211200000000000000
2047150010050002440404000100004000200000000000000
2051155455330041450401211404154031410000300300000
2031100403300032000400201014545254010000200500000
7011154035000330000400000001434004400000000200000
2033154030000005500431213000032324042000000000000
2038154000350004053401003044032504330030000300000
7018154445354333013401004443044033030000000500000
2046154432300033403514523541111434453000005500000
2036054450450042413441021500032123200030000000000
7028154435354331413441253244434233432131535500000
7021154435354331413444253244434233432031200500000
7047155435354031403401003044012534430000005000000
