8035152403000031000405000101011004410000000000000
8037151443300233114433204032132024423000004100000
8048154000000001000504000020104044030000003500000
9051154435354334413411153240412323032131000500000
9018154035004001000400000000000003000000000500000
5017154530350031000550005002102024000000000300000
5018154230350351023513225102213403340000203100000
5011154505354331410421021142352204032000000500000
8043150301220341003401200104005031130000001100000
8047154000200301000004000400002033030000000000000
8052150000000001000400200520002010050000000000000
5012151435354332410413100404402034010000000200000
8026154435354331410401213204131443031011001500000
8022154435554331433404253235413453100000235500000
9055154434354331413404253242434203432331035500000
8031232404000343004410001404303044043103220500000
8051154002300030000404000224002044030000000000000
8073100040000031000420000000000004032100000400000
8012154434254333410401001404032243032101005500000
8076150050050301400400310400042510022100000200000
