6023154433300030403401003200004234400000000500000
1161154435354001413403353444332423432002024500000
6011154435354331413401053203432233432130004500000
6014154430054331410404050200032203030000005500000
6018154455154331400401010005012024050030000000000
1127154435314331413441253244434453430001005500000
1121154435354331413441253244424223432131245500000
6012154435454331413441253244434233432101205500000
1012154435354331413441253242434233432131535500000
1013154035154001413401000230000203032000002500000
1082154405354031010404053240004333030030000500000
1081154435354331413444253244434233432031035500000
1015154455154332413441253240134201032131005500000
1173154035354505413441010440032033050000005500000
6021154435354331413441253244544423432131225500000
1011154455354331433444213244134214432231025500000
6026154435354341413441354244422453132211432500000
6024154435354334413441202244434233432031045500000
1166154045354330413000000020032504030000000000000
6027154405000301000401003204002030430000000000000
1162155003314001410401003200012403022101002500000
