1052133453334352233443233342341333433212233200000
1117154353122352413140322432252445155133323300000
1053154425241331523435241244432121133143144200000
1051154513334231233541242242232331242144242100000
1091124325224243212255331332135444224433324200000
1072154425252331141434225145443131513412454500000
1167154005050001403401000040012004000000005500000
6017154403354002530400010500002004000100242500000
1147154435353332453441222153205000000000000500000
1148120535350033433401000434000030540000000000000
1063154435533332412322535431422354253513151300000
1065153525054341054522211454155444345321351300000
1075151535500000010000100102311000240004300000000
1027144415000033003410000002000005000000000500000
1064153425231344252431513114331145343331513100000
1164154430354005203100003202030303430000000500000
1092154435153253413432413422342454443324432500000
1097152405330050003402200404052402420341033500000
1165151455154031413431523441132504430001000500000
1093130235050003043105200134041340300020100500000
