9012150000050001050400000000002000000000000500000
9014154000100002000400000400000004000000000000000
9021154234000001000401322000000000000000000100000
8036154435222234153435244244322454431152243500000
8018154435355331003400033434104305032100003500000
8016154405054331003401200404103404430001005500000
9052134432354331413414215243033233132001005500000
9053154435350331003423015244002203032100000500000
8046154435352331000454203224135034130031003500000
9054154431303311413541233442442323332311145500000
8007150035000000000400000000004004430000000500000
8077153033100031000401000002032324432000000000000
8071150035004030403401000000000004030000000000000
8072150403350001414401210404432004032100002000000
8014154435352434443414233443141234132515233500000
8015154435034030403400000400002204432100000500000
8011104450050031000400010301051102552500000500000
8017154435050031400401303205014534532000005300000
8074124535150001000404000200032014030001005000000
8013154030050300400401003240034034032100300500000
