8025154435354331413441203240034033430001004500000
3010150000250011003404200000313004002000000000000
8041100003150201000404000002045034010000000500000
3016154445155331443411311412352511435133114500000
5016154004354330410400000400002004020000000500000
8021154415354331413441251204534213432101055500000
3018154232333353333433331544413344132333333300000
9013154405150332050000000112000304300000000500000
3012154453534250122442315452132321243441304500000
3014154425114333333131234424251514443333341200000
9011154005334331413000000400002503042000000500000
5015154555554302413400000003504000430010005400000
8027154405350301000001000040004023000000000500000
8032155400000331003400000203335004000000000000000
3011154314534331133434313154233424353242142500000
8042154434030301000444000442032004100000000500000
8028504004151003000500000100000004000000200000000
9056154435100331003443303241432034430000000500000
8054150454000032003230001430432504230010100000000
8023154035354331413441210440034233032131205500000
