9041154435354331413403253242034233432101005500000
9044154435054301003401520133542204032000000500000
9046154035340005400400001400034303000000000400000
4036154400050000000400000004104434010000100000000
4083154435354341410401253200432324430030000500000
4065154435352331413401023442132344442000050500000
4044154455000003000411000500342014000000050000000
4018154435354333413441253244134034430000205500000
4001154434354331413404233244434233430031205500000
4052134552310032400401000412040032320000000000000
4034105405250331403401200402334235030000000500000
4047154005300333001505203200052204000000000500000
4013154435354331413444253244434233432131235500000
4063154050310331003211001402002000404010000500000
4103154354100023000220200044332334500100000500000
4107400000000011004400000132045020000050000000000
4033125435004331003441303425302033430241005500000
4024112422142133114443341445324232145552355100000
3026154435350533003201003000032020000000000000000
4104155455050331003401303444032533050000033500000
4106541213200011201205504022120042110000430000000
4041154435341331414531313332131433434433314400000
4048154423252121432412212232445334423122133520000
3024154435314033455441233141012431430210302100000
