9038150430000000000501000002200000000000000000000
9027150000000012000500000002301000000000000000000
9031150215000333002200001520020004400000000000000
9028150020000030000221000204205000000000000000000
9032150030000053003510005300001004210003000500000
9017154030000034000400000000003004000000000500000
9022150004000000400400000403043004040000000000000
9035150001000051000404000503001004000000000000000
9033154415000031003410000000102000040000000000000
9015154005300003000420000402000004010000000500000
9023154030000003003400000000001004000000000500000
9024154030354302000400300000000003000000000500000
3017155435344323412444243121435324542321342300000
9036154403000003003001000002001004500000000000000
9026100400153023000400010102014004010000300500000
9034154530300000003115005002101004340000000000000
8034335435142234513443243432434434332133453100000
8044154405200332000400010020350003040000000500000
9025154403354451120400040500154304010003005300000
5014354435154333403434310241014334000000200000000
