4087154435400231400401203244034003430030030500000
4074154430341331413401233212134033030030000500000
4094154435354031513441253244434034420030005500000
4131154405350000000400004000044050040000000000000
4077154435354431413441353244034233434131232500000
4082154435354331413444253244434233432131335500000
3027154435154351413404253203002233030100200500000
4066154035354331410400100000022500030000000400000
4081154435354301410444213204434534430030000100000
4035155453122351454431313134132434543124214500000
4042154434353331513441211244432234534123234300000
4011154435354431413424553244033223432101235500000
4064153032354031413201051445002303432103000500000
4038150513000505034405300050002000430000000500000
9047154435300301023401000440032310430000000400000
9045154430350251040001000400001444432000000000000
9043154435250301033401010040000203030001000500000
4093154435354331413441253244434333432031035500000
4016154435354331413443253212434234432131205500000
4062154055200030003404000004344044140000000500000
