1115123415324311241451331422231342313451351300000
1113153355153452431531423424142512451231312400000
1028153241412343454542135232321523152324135100000
1014154435054034403400000442400201432100005500000
1094155401100330000400003004305000140000000100000
1098133345553243113543522542453531231341243500000
1058151244123235252142213235111532114131351400000
1095155425224244243242540142452421425324322500000
1024153425421231423434135424321342125132452500000
1026154334252342312423524352142253441321234500000
1073154400340012003411200404055010020000000000000
1062154434552331431451315434413332143525544300000
1041122443243214242523244143444531312231252200000
1023153445323412212333333333333333333333333300000
1077154431231243423424213441322422345113342300000
1054143235151431523413211524332412441531532300000
1025131235353334314541244454321432432314113100000
6025133004000402000100010002002000000000000000000
1163154035350304000404203400042524230000001500000
1168154030254002404000000400005004300100000500000
