4021154443251532234421311434345314332523313500000
4102302000330203004400000300102000000000000000000
2014153353252314334531533142231234132332344300000
2012132435132231543244213252441233253142314200000
4112104000000002000000000402000000030000000500000
4026154405525332525421345425352134145213233500000
4071154435354331413441253242434233432031035500000
4088154455400031003401003230004034030000000000000
4068150000000000000000000000000052000000000000000
4075154435354331413441253244434233432131235500000
4023131445432342152455211154252335412514541300000
4022154455353331223451231424214124440320231500000
3022154435000331003440003444432430050000035500000
4091154435300331003431233214442353130033530500000
4101155434454331410401353400011331450035030500000
4078154435300301053401213444104313450000000500000
4084154535054001513404003500032032130000000500000
4051154432351231403441213423341414340241231200000
4037154033050304030401000004030203430000000000000
4122150453000040000300200002000030000000000300000
