7025154435354334413441213242434233432221535500000
7035154435300051003401205222310304000000000500000
7016154035054331413411003402401223432333030500000
7042154435300331003401203244412234430000035000000
7052150405000001003401001404052004000000100000000
2042154000404303413404000400000234002500000400000
7036155435153343413441200431443524100100004500000
7024154435354331413441253242434233432131235500000
7037150035254051010400310404342034040000000400000
7041154435353331443431333443330134433333333300000
7015154435354334013401200444034334430003005500000
7053153445334112223441234544432434533222343200000
7031154435354334413441253242034223533030004500000
2037154115354334411531212112334314131113112500000
2032154455050231010511003402243034040000000500000
7034154435354331413414232431132234232452243500000
7023154435354531413424213242434233432501205500000
7017154035354331413401013040033335030001000500000
7038154435354331413401113244014023430000000000000
2034154430350331003400053240002333430010005500000
